<?xml version="1.0" encoding="UTF-8"?>
<testsuite xmlns:xsi="http://www.w3.org/2001/XMLSchema-instance" xsi:noNamespaceSchemaLocation="https://maven.apache.org/surefire/maven-surefire-plugin/xsd/surefire-test-report-3.0.xsd" version="3.0" name="my.mood.Spring_Boot_Framework.SpringBootFrameworkApplicationTests" time="6.431" tests="1" errors="0" skipped="0" failures="0">
  <properties>
[...]
</properties>
  <testcase name="contextLoads" classname="my.mood.Spring_Boot_Framework.SpringBootFrameworkApplicationTests" time="1.772">
    <system-out><![CDATA[21:16:31.679 [main] INFO org.springframework.test.context.support.AnnotationConfigContextLoaderUtils -- Could not detect default configuration classes for test class [my.mood.Spring_Boot_Framework.SpringBootFrameworkApplicationTests]: SpringBootFrameworkApplicationTests does not declare any static, non-private, non-final, nested classes annotated with @Configuration.
21:16:31.886 [main] INFO org.springframework.boot.test.context.SpringBootTestContextBootstrapper -- Found @SpringBootConfiguration my.mood.Spring_Boot_Framework.SpringBootFrameworkApplication for test class my.mood.Spring_Boot_Framework.SpringBootFrameworkApplicationTests
21:16:32.210 [main] INFO org.springframework.boot.devtools.restart.RestartApplicationListener -- Restart disabled due to context in which it is running

  .   ____          _            __ _ _
 /\\ / ___'_ __ _ _(_)_ __  __ _ \ \ \ \
( ( )\___ | '_ | '_| | '_ \/ _` | \ \ \ \
 \\/  ___)| |_)| | | | | || (_| |  ) ) ) )
  '  |____| .__|_| |_|_| |_\__, | / / / /
 =========|_|==============|___/=/_/_/_/

 :: Spring Boot ::                (v3.3.1)

2024-07-13T21:16:32.751+05:30  INFO 9796 --- [Spring-Boot-Framework] [           main] .m.S.SpringBootFrameworkApplicationTests : Starting SpringBootFrameworkApplicationTests using Java 20.0.2 with PID 9796 (started by Shrunal in C:\Users\Shrunal\eclipse-workspace\Spring-Boot-Framework)
2024-07-13T21:16:32.753+05:30  INFO 9796 --- [Spring-Boot-Framework] [           main] .m.S.SpringBootFrameworkApplicationTests : The following 1 profile is active: "prod"
2024-07-13T21:16:35.703+05:30  INFO 9796 --- [Spring-Boot-Framework] [           main] o.s.b.a.e.web.EndpointLinksResolver      : Exposing 1 endpoint beneath base path '/actuator'
2024-07-13T21:16:35.809+05:30  INFO 9796 --- [Spring-Boot-Framework] [           main] .m.S.SpringBootFrameworkApplicationTests : Started SpringBootFrameworkApplicationTests in 3.631 seconds (process running for 5.43)
]]></system-out>
  </testcase>
</testsuite>